Analysis initiated from SIMULIA established products
Abaqus JOB BakeCubeTransient
Abaqus 2025
Abaqus License Manager checked out the following licenses:
Abaqus/Standard checked out 5 tokens from Flexnet server hprc-license.tamu.edu.
<155 out of 160 licenses remain available>.
Begin Analysis Input File Processor
11/3/2025 1:51:40 PM
Run pre.exe
11/3/2025 1:51:42 PM
End Analysis Input File Processor
Begin Abaqus/Standard Analysis
11/3/2025 1:51:42 PM
Run standard.exe
11/3/2025 1:51:51 PM
End Abaqus/Standard Analysis
Begin SIM Wrap-up
11/3/2025 1:51:52 PM
Run SMASimUtility.exe
11/3/2025 1:51:53 PM
End SIM Wrap-up
Abaqus JOB BakeCubeTransient COMPLETED
