1
0
1
ASSEMBLY
1
CUBE-1
CUBE
1
CUBE-1
14
-2147483646
0
48 1 16 5 0 1 0 -1 -1 1331 1 -1879048189 1 1331 
14
48 1 16 5 0 1 0 -1 -1 1331 1 -1879048189 1 1331 
0
1
CUBE-1
14
-2147483646
0
48 1 16 5 0 1 0 -1 -1 1000 1 -1879048189 1 1000 
14
48 1 16 5 0 1 0 -1 -1 1000 1 -1879048189 1 1000 
0
12
ALL-SURFACES
0
1
0
1
CUBE-1
14
-2147483647
48 1 16 5 0 1 0 -1 -1 1000 1 -1879048189 1 1000 
0
SET-1
0
1
0
1
CUBE-1
100
91 92 93 94 95 96 97 98 99 100 191 192 193 194 195 196 197 198 199 200 291 292 293 294 295 296 297 298 299 300 391 392 393 394 395 396 397 398 399 400 491 492 493 494 495 496 497 498 499 500 591 592 593 594 595 596 597 598 599 600 691 692 693 694 695 696 697 698 699 700 791 792 793 794 795 796 797 798 799 800 891 892 893 894 895 896 897 898 899 900 991 992 993 994 995 996 997 998 999 1000 
0
_ALL-SURFACES_S1
0
2
0
1
CUBE-1
100
901 902 903 904 905 906 907 908 909 910 911 912 913 914 915 916 917 918 919 920 921 922 923 924 925 926 927 928 929 930 931 932 933 934 935 936 937 938 939 940 941 942 943 944 945 946 947 948 949 950 951 952 953 954 955 956 957 958 959 960 961 962 963 964 965 966 967 968 969 970 971 972 973 974 975 976 977 978 979 980 981 982 983 984 985 986 987 988 989 990 991 992 993 994 995 996 997 998 999 1000 
0
_ALL-SURFACES_S2
0
2
0
1
CUBE-1
100
1 2 3 4 5 6 7 8 9 10 11 12 13 14 15 16 17 18 19 20 21 22 23 24 25 26 27 28 29 30 31 32 33 34 35 36 37 38 39 40 41 42 43 44 45 46 47 48 49 50 51 52 53 54 55 56 57 58 59 60 61 62 63 64 65 66 67 68 69 70 71 72 73 74 75 76 77 78 79 80 81 82 83 84 85 86 87 88 89 90 91 92 93 94 95 96 97 98 99 100 
0
_ALL-SURFACES_S3
0
2
0
1
CUBE-1
100
1 2 3 4 5 6 7 8 9 10 101 102 103 104 105 106 107 108 109 110 201 202 203 204 205 206 207 208 209 210 301 302 303 304 305 306 307 308 309 310 401 402 403 404 405 406 407 408 409 410 501 502 503 504 505 506 507 508 509 510 601 602 603 604 605 606 607 608 609 610 701 702 703 704 705 706 707 708 709 710 801 802 803 804 805 806 807 808 809 810 901 902 903 904 905 906 907 908 909 910 
0
_ALL-SURFACES_S4
0
2
0
1
CUBE-1
100
10 20 30 40 50 60 70 80 90 100 110 120 130 140 150 160 170 180 190 200 210 220 230 240 250 260 270 280 290 300 310 320 330 340 350 360 370 380 390 400 410 420 430 440 450 460 470 480 490 500 510 520 530 540 550 560 570 580 590 600 610 620 630 640 650 660 670 680 690 700 710 720 730 740 750 760 770 780 790 800 810 820 830 840 850 860 870 880 890 900 910 920 930 940 950 960 970 980 990 1000 
0
_ALL-SURFACES_S5
0
2
0
1
CUBE-1
100
91 92 93 94 95 96 97 98 99 100 191 192 193 194 195 196 197 198 199 200 291 292 293 294 295 296 297 298 299 300 391 392 393 394 395 396 397 398 399 400 491 492 493 494 495 496 497 498 499 500 591 592 593 594 595 596 597 598 599 600 691 692 693 694 695 696 697 698 699 700 791 792 793 794 795 796 797 798 799 800 891 892 893 894 895 896 897 898 899 900 991 992 993 994 995 996 997 998 999 1000 
0
_ALL-SURFACES_S6
0
2
0
1
CUBE-1
100
1 11 21 31 41 51 61 71 81 91 101 111 121 131 141 151 161 171 181 191 201 211 221 231 241 251 261 271 281 291 301 311 321 331 341 351 361 371 381 391 401 411 421 431 441 451 461 471 481 491 501 511 521 531 541 551 561 571 581 591 601 611 621 631 641 651 661 671 681 691 701 711 721 731 741 751 761 771 781 791 801 811 821 831 841 851 861 871 881 891 901 911 921 931 941 951 961 971 981 991 
0
_SURF-1_S4
0
2
0
1
CUBE-1
100
10 20 30 40 50 60 70 80 90 100 110 120 130 140 150 160 170 180 190 200 210 220 230 240 250 260 270 280 290 300 310 320 330 340 350 360 370 380 390 400 410 420 430 440 450 460 470 480 490 500 510 520 530 540 550 560 570 580 590 600 610 620 630 640 650 660 670 680 690 700 710 720 730 740 750 760 770 780 790 800 810 820 830 840 850 860 870 880 890 900 910 920 930 940 950 960 970 980 990 1000 
0
_SURF-2_S2
0
2
0
1
CUBE-1
100
1 2 3 4 5 6 7 8 9 10 11 12 13 14 15 16 17 18 19 20 21 22 23 24 25 26 27 28 29 30 31 32 33 34 35 36 37 38 39 40 41 42 43 44 45 46 47 48 49 50 51 52 53 54 55 56 57 58 59 60 61 62 63 64 65 66 67 68 69 70 71 72 73 74 75 76 77 78 79 80 81 82 83 84 85 86 87 88 89 90 91 92 93 94 95 96 97 98 99 100 
0
_SURF-3_S6
0
2
0
1
CUBE-1
100
1 11 21 31 41 51 61 71 81 91 101 111 121 131 141 151 161 171 181 191 201 211 221 231 241 251 261 271 281 291 301 311 321 331 341 351 361 371 381 391 401 411 421 431 441 451 461 471 481 491 501 511 521 531 541 551 561 571 581 591 601 611 621 631 641 651 661 671 681 691 701 711 721 731 741 751 761 771 781 791 801 811 821 831 841 851 861 871 881 891 901 911 921 931 941 951 961 971 981 991 
0
_SURF-4_S1
0
2
0
1
CUBE-1
100
901 902 903 904 905 906 907 908 909 910 911 912 913 914 915 916 917 918 919 920 921 922 923 924 925 926 927 928 929 930 931 932 933 934 935 936 937 938 939 940 941 942 943 944 945 946 947 948 949 950 951 952 953 954 955 956 957 958 959 960 961 962 963 964 965 966 967 968 969 970 971 972 973 974 975 976 977 978 979 980 981 982 983 984 985 986 987 988 989 990 991 992 993 994 995 996 997 998 999 1000 
0
1
CUBE-1
1
SET-1
0
1
14
-2147483647
48 1 16 5 0 1 0 -1 -1 1000 1 -1879048189 1 1000 
0
0
0
2
ALL-SURFACES
0
1
0
1
CUBE-1
14
-2147483647
48 1 16 5 0 1 0 -1 -1 1331 1 -1879048189 1 1331 
0
SET-1
0
1
0
1
CUBE-1
121
111 112 113 114 115 116 117 118 119 120 121 232 233 234 235 236 237 238 239 240 241 242 353 354 355 356 357 358 359 360 361 362 363 474 475 476 477 478 479 480 481 482 483 484 595 596 597 598 599 600 601 602 603 604 605 716 717 718 719 720 721 722 723 724 725 726 837 838 839 840 841 842 843 844 845 846 847 958 959 960 961 962 963 964 965 966 967 968 1079 1080 1081 1082 1083 1084 1085 1086 1087 1088 1089 1200 1201 1202 1203 1204 1205 1206 1207 1208 1209 1210 1321 1322 1323 1324 1325 1326 1327 1328 1329 1330 1331 
0
1
CUBE-1
1
SET-1
0
1
14
-2147483647
48 1 16 5 0 1 0 -1 -1 1331 1 -1879048189 1 1331 
0
0
0
0
5
ALL-SURFACES
0
0
0
1
CUBE-1
0
0
6
S1
100
901 902 903 904 905 906 907 908 909 910 911 912 913 914 915 916 917 918 919 920 921 922 923 924 925 926 927 928 929 930 931 932 933 934 935 936 937 938 939 940 941 942 943 944 945 946 947 948 949 950 951 952 953 954 955 956 957 958 959 960 961 962 963 964 965 966 967 968 969 970 971 972 973 974 975 976 977 978 979 980 981 982 983 984 985 986 987 988 989 990 991 992 993 994 995 996 997 998 999 1000 
S6
100
1 11 21 31 41 51 61 71 81 91 101 111 121 131 141 151 161 171 181 191 201 211 221 231 241 251 261 271 281 291 301 311 321 331 341 351 361 371 381 391 401 411 421 431 441 451 461 471 481 491 501 511 521 531 541 551 561 571 581 591 601 611 621 631 641 651 661 671 681 691 701 711 721 731 741 751 761 771 781 791 801 811 821 831 841 851 861 871 881 891 901 911 921 931 941 951 961 971 981 991 
S2
100
1 2 3 4 5 6 7 8 9 10 11 12 13 14 15 16 17 18 19 20 21 22 23 24 25 26 27 28 29 30 31 32 33 34 35 36 37 38 39 40 41 42 43 44 45 46 47 48 49 50 51 52 53 54 55 56 57 58 59 60 61 62 63 64 65 66 67 68 69 70 71 72 73 74 75 76 77 78 79 80 81 82 83 84 85 86 87 88 89 90 91 92 93 94 95 96 97 98 99 100 
S4
100
10 20 30 40 50 60 70 80 90 100 110 120 130 140 150 160 170 180 190 200 210 220 230 240 250 260 270 280 290 300 310 320 330 340 350 360 370 380 390 400 410 420 430 440 450 460 470 480 490 500 510 520 530 540 550 560 570 580 590 600 610 620 630 640 650 660 670 680 690 700 710 720 730 740 750 760 770 780 790 800 810 820 830 840 850 860 870 880 890 900 910 920 930 940 950 960 970 980 990 1000 
S3
100
1 2 3 4 5 6 7 8 9 10 101 102 103 104 105 106 107 108 109 110 201 202 203 204 205 206 207 208 209 210 301 302 303 304 305 306 307 308 309 310 401 402 403 404 405 406 407 408 409 410 501 502 503 504 505 506 507 508 509 510 601 602 603 604 605 606 607 608 609 610 701 702 703 704 705 706 707 708 709 710 801 802 803 804 805 806 807 808 809 810 901 902 903 904 905 906 907 908 909 910 
S5
100
91 92 93 94 95 96 97 98 99 100 191 192 193 194 195 196 197 198 199 200 291 292 293 294 295 296 297 298 299 300 391 392 393 394 395 396 397 398 399 400 491 492 493 494 495 496 497 498 499 500 591 592 593 594 595 596 597 598 599 600 691 692 693 694 695 696 697 698 699 700 791 792 793 794 795 796 797 798 799 800 891 892 893 894 895 896 897 898 899 900 991 992 993 994 995 996 997 998 999 1000 
SURF-1
0
0
0
1
CUBE-1
0
0
1
S4
100
10 20 30 40 50 60 70 80 90 100 110 120 130 140 150 160 170 180 190 200 210 220 230 240 250 260 270 280 290 300 310 320 330 340 350 360 370 380 390 400 410 420 430 440 450 460 470 480 490 500 510 520 530 540 550 560 570 580 590 600 610 620 630 640 650 660 670 680 690 700 710 720 730 740 750 760 770 780 790 800 810 820 830 840 850 860 870 880 890 900 910 920 930 940 950 960 970 980 990 1000 
SURF-2
0
0
0
1
CUBE-1
0
0
1
S2
100
1 2 3 4 5 6 7 8 9 10 11 12 13 14 15 16 17 18 19 20 21 22 23 24 25 26 27 28 29 30 31 32 33 34 35 36 37 38 39 40 41 42 43 44 45 46 47 48 49 50 51 52 53 54 55 56 57 58 59 60 61 62 63 64 65 66 67 68 69 70 71 72 73 74 75 76 77 78 79 80 81 82 83 84 85 86 87 88 89 90 91 92 93 94 95 96 97 98 99 100 
SURF-3
0
0
0
1
CUBE-1
0
0
1
S6
100
1 11 21 31 41 51 61 71 81 91 101 111 121 131 141 151 161 171 181 191 201 211 221 231 241 251 261 271 281 291 301 311 321 331 341 351 361 371 381 391 401 411 421 431 441 451 461 471 481 491 501 511 521 531 541 551 561 571 581 591 601 611 621 631 641 651 661 671 681 691 701 711 721 731 741 751 761 771 781 791 801 811 821 831 841 851 861 871 881 891 901 911 921 931 941 951 961 971 981 991 
SURF-4
0
0
0
1
CUBE-1
0
0
1
S1
100
901 902 903 904 905 906 907 908 909 910 911 912 913 914 915 916 917 918 919 920 921 922 923 924 925 926 927 928 929 930 931 932 933 934 935 936 937 938 939 940 941 942 943 944 945 946 947 948 949 950 951 952 953 954 955 956 957 958 959 960 961 962 963 964 965 966 967 968 969 970 971 972 973 974 975 976 977 978 979 980 981 982 983 984 985 986 987 988 989 990 991 992 993 994 995 996 997 998 999 1000 
